[1220/101155.633:ERROR:process_reader_win.cc(151)] SuspendThread: Access is denied. (0x5)
[1220/101155.637:ERROR:process_reader_win.cc(151)] SuspendThread: Access is denied. (0x5)
[1220/101155.637:ERROR:process_reader_win.cc(151)] SuspendThread: Access is denied. (0x5)
[1220/101155.637:ERROR:process_reader_win.cc(151)] SuspendThread: Access is denied. (0x5)
[1220/101155.759:ERROR:process_memory_win.cc(73)] ReadMemory at 0x7ff72b760000 of 64 bytes failed: Only part of a ReadProcessMemory or WriteProcessMemory request was completed. (0x12B)
[1220/101155.759:WARNING:pe_image_reader.cc(340)] could not read dos header from C:\Program Files (x86)\Google\Chrome\Application\chrome.exe
[1220/101155.759:ERROR:process_memory_win.cc(73)] ReadMemory at 0x7fff514f0000 of 64 bytes failed: Only part of a ReadProcessMemory or WriteProcessMemory request was completed. (0x12B)
[1220/101155.762:WARNING:pe_image_reader.cc(340)] could not read dos header from C:\Windows\SYSTEM32\ntdll.dll
[1220/101155.762:ERROR:process_memory_win.cc(73)] ReadMemory at 0x7fff51380000 of 64 bytes failed: Only part of a ReadProcessMemory or WriteProcessMemory request was completed. (0x12B)
[1220/101155.762:WARNING:pe_image_reader.cc(340)] could not read dos header from C:\Windows\System32\KERNEL32.dll
[1220/101155.762:ERROR:process_memory_win.cc(73)] ReadMemory at 0x7fff4e0e0000 of 64 bytes failed: Only part of a ReadProcessMemory or WriteProcessMemory request was completed. (0x12B)
[1220/101155.762:WARNING:pe_image_reader.cc(340)] could not read dos header from C:\Windows\System32\KERNELBASE.dll
[1220/101155.763:ERROR:process_memory_win.cc(73)] ReadMemory at 0x7fff25330000 of 64 bytes failed: Only part of a ReadProcessMemory or WriteProcessMemory request was completed. (0x12B)
[1220/101155.763:WARNING:pe_image_reader.cc(340)] could not read dos header from C:\Program Files (x86)\Google\Chrome\Application\79.0.3945.88\chrome_elf.dll
[1220/101155.763:ERROR:process_memory_win.cc(73)] ReadMemory at 0x7fff443f0000 of 64 bytes failed: Only part of a ReadProcessMemory or WriteProcessMemory request was completed. (0x12B)
[1220/101155.763:WARNING:pe_image_reader.cc(340)] could not read dos header from C:\Windows\SYSTEM32\VERSION.dll
[1220/101155.763:ERROR:process_memory_win.cc(73)] ReadMemory at 0x7fff4f2d0000 of 64 bytes failed: Only part of a ReadProcessMemory or WriteProcessMemory request was completed. (0x12B)
[1220/101155.763:WARNING:pe_image_reader.cc(340)] could not read dos header from C:\Windows\System32\msvcrt.dll
[1220/101155.763:ERROR:process_memory_win.cc(73)] ReadMemory at 0x7fff4e060000 of 64 bytes failed: Only part of a ReadProcessMemory or WriteProcessMemory request was completed. (0x12B)
[1220/101155.763:WARNING:pe_image_reader.cc(340)] could not read dos header from C:\Windows\System32\bcryptPrimitives.dll
[1220/101155.764:ERROR:process_memory_win.cc(73)] ReadMemory at 0x7fff4f9a0000 of 64 bytes failed: Only part of a ReadProcessMemory or WriteProcessMemory request was completed. (0x12B)
[1220/101155.766:WARNING:pe_image_reader.cc(340)] could not read dos header from C:\Windows\System32\ADVAPI32.dll
[1220/101155.766:ERROR:process_memory_win.cc(73)] ReadMemory at 0x7fff512e0000 of 64 bytes failed: Only part of a ReadProcessMemory or WriteProcessMemory request was completed. (0x12B)
[1220/101155.766:WARNING:pe_image_reader.cc(340)] could not read dos header from C:\Windows\System32\sechost.dll
[1220/101155.766:ERROR:process_memory_win.cc(73)] ReadMemory at 0x7fff4ee60000 of 64 bytes failed: Only part of a ReadProcessMemory or WriteProcessMemory request was completed. (0x12B)
[1220/101155.766:WARNING:pe_image_reader.cc(340)] could not read dos header from C:\Windows\System32\RPCRT4.dll
[1220/101155.767:ERROR:process_memory_win.cc(73)] ReadMemory at 0x7fff4f800000 of 64 bytes failed: Only part of a ReadProcessMemory or WriteProcessMemory request was completed. (0x12B)
[1220/101155.767:WARNING:pe_image_reader.cc(340)] could not read dos header from C:\Windows\System32\user32.dll
[1220/101155.767:ERROR:process_memory_win.cc(73)] ReadMemory at 0x7fff4e430000 of 64 bytes failed: Only part of a ReadProcessMemory or WriteProcessMemory request was completed. (0x12B)
[1220/101155.767:WARNING:pe_image_reader.cc(340)] could not read dos header from C:\Windows\System32\win32u.dll
[1220/101155.767:ERROR:process_memory_win.cc(73)] ReadMemory at 0x7fff4f370000 of 64 bytes failed: Only part of a ReadProcessMemory or WriteProcessMemory request was completed. (0x12B)
[1220/101155.767:WARNING:pe_image_reader.cc(340)] could not read dos header from C:\Windows\System32\GDI32.dll
[1220/101155.768:ERROR:process_memory_win.cc(73)] ReadMemory at 0x7fff4e450000 of 64 bytes failed: Only part of a ReadProcessMemory or WriteProcessMemory request was completed. (0x12B)
[1220/101155.768:WARNING:pe_image_reader.cc(340)] could not read dos header from C:\Windows\System32\gdi32full.dll
[1220/101155.768:ERROR:process_memory_win.cc(73)] ReadMemory at 0x7fff4e670000 of 64 bytes failed: Only part of a ReadProcessMemory or WriteProcessMemory request was completed. (0x12B)
[1220/101155.768:WARNING:pe_image_reader.cc(340)] could not read dos header from C:\Windows\System32\msvcp_win.dll
[1220/101155.768:ERROR:process_memory_win.cc(73)] ReadMemory at 0x7fff4df10000 of 64 bytes failed: Only part of a ReadProcessMemory or WriteProcessMemory request was completed. (0x12B)
[1220/101155.768:WARNING:pe_image_reader.cc(340)] could not read dos header from C:\Windows\System32\ucrtbase.dll
[1220/101155.768:ERROR:process_memory_win.cc(73)] ReadMemory at 0x7fff510c0000 of 64 bytes failed: Only part of a ReadProcessMemory or WriteProcessMemory request was completed. (0x12B)
[1220/101155.768:WARNING:pe_image_reader.cc(340)] could not read dos header from C:\Windows\System32\IMM32.DLL
[1220/101155.769:ERROR:process_memory_win.cc(73)] ReadMemory at 0x7ffef6140000 of 64 bytes failed: Only part of a ReadProcessMemory or WriteProcessMemory request was completed. (0x12B)
[1220/101155.769:WARNING:pe_image_reader.cc(340)] could not read dos header from C:\Program Files (x86)\Google\Chrome\Application\79.0.3945.88\chrome_child.dll
[1220/101155.769:ERROR:process_memory_win.cc(73)] ReadMemory at 0x7fff4efa0000 of 64 bytes failed: Only part of a ReadProcessMemory or WriteProcessMemory request was completed. (0x12B)
[1220/101155.769:WARNING:pe_image_reader.cc(340)] could not read dos header from C:\Windows\System32\OLEAUT32.dll
[1220/101155.769:ERROR:process_memory_win.cc(73)] ReadMemory at 0x7fff4f3a0000 of 64 bytes failed: Only part of a ReadProcessMemory or WriteProcessMemory request was completed. (0x12B)
[1220/101155.769:WARNING:pe_image_reader.cc(340)] could not read dos header from C:\Windows\System32\combase.dll
[1220/101155.770:ERROR:process_memory_win.cc(73)] ReadMemory at 0x7fff510f0000 of 64 bytes failed: Only part of a ReadProcessMemory or WriteProcessMemory request was completed. (0x12B)
[1220/101155.771:WARNING:pe_image_reader.cc(340)] could not read dos header from C:\Windows\System32\WS2_32.dll
[1220/101155.771:ERROR:process_memory_win.cc(73)] ReadMemory at 0x7fff4e5f0000 of 64 bytes failed: Only part of a ReadProcessMemory or WriteProcessMemory request was completed. (0x12B)
[1220/101155.771:WARNING:pe_image_reader.cc(340)] could not read dos header from C:\Windows\System32\WINTRUST.dll
[1220/101155.772:ERROR:process_memory_win.cc(73)] ReadMemory at 0x7fff4d4e0000 of 64 bytes failed: Only part of a ReadProcessMemory or WriteProcessMemory request was completed. (0x12B)
[1220/101155.772:WARNING:pe_image_reader.cc(340)] could not read dos header from C:\Windows\System32\MSASN1.dll
[1220/101155.772:ERROR:process_memory_win.cc(73)] ReadMemory at 0x7fff4d5b0000 of 64 bytes failed: Only part of a ReadProcessMemory or WriteProcessMemory request was completed. (0x12B)
[1220/101155.772:WARNING:pe_image_reader.cc(340)] could not read dos header from C:\Windows\System32\CRYPT32.dll
[1220/101155.772:ERROR:process_memory_win.cc(73)] ReadMemory at 0x7fff4ca10000 of 64 bytes failed: Only part of a ReadProcessMemory or WriteProcessMemory request was completed. (0x12B)
[1220/101155.772:WARNING:pe_image_reader.cc(340)] could not read dos header from C:\Windows\SYSTEM32\IPHLPAPI.DLL
[1220/101155.773:ERROR:process_memory_win.cc(73)] ReadMemory at 0x7fff4b0b0000 of 64 bytes failed: Only part of a ReadProcessMemory or WriteProcessMemory request was completed. (0x12B)
[1220/101155.773:WARNING:pe_image_reader.cc(340)] could not read dos header from C:\Windows\SYSTEM32\WINMM.dll
[1220/101155.773:ERROR:process_memory_win.cc(73)] ReadMemory at 0x7fff4d3e0000 of 64 bytes failed: Only part of a ReadProcessMemory or WriteProcessMemory request was completed. (0x12B)
[1220/101155.773:WARNING:pe_image_reader.cc(340)] could not read dos header from C:\Windows\SYSTEM32\USERENV.dll
[1220/101155.773:ERROR:process_memory_win.cc(73)] ReadMemory at 0x7fff4d500000 of 64 bytes failed: Only part of a ReadProcessMemory or WriteProcessMemory request was completed. (0x12B)
[1220/101155.774:WARNING:pe_image_reader.cc(340)] could not read dos header from C:\Windows\System32\profapi.dll
[1220/101155.774:ERROR:process_memory_win.cc(73)] ReadMemory at 0x7fff40ee0000 of 64 bytes failed: Only part of a ReadProcessMemory or WriteProcessMemory request was completed. (0x12B)
[1220/101155.774:WARNING:pe_image_reader.cc(340)] could not read dos header from C:\Windows\SYSTEM32\DWrite.dll
[1220/101155.775:ERROR:process_memory_win.cc(73)] ReadMemory at 0x7fff44bf0000 of 64 bytes failed: Only part of a ReadProcessMemory or WriteProcessMemory request was completed. (0x12B)
[1220/101155.775:WARNING:pe_image_reader.cc(340)] could not read dos header from C:\Windows\SYSTEM32\WINSPOOL.DRV
[1220/101155.775:ERROR:process_memory_win.cc(73)] ReadMemory at 0x7fff4d590000 of 64 bytes failed: Only part of a ReadProcessMemory or WriteProcessMemory request was completed. (0x12B)
[1220/101155.775:WARNING:pe_image_reader.cc(340)] could not read dos header from C:\Windows\System32\kernel.appcore.dll
[1220/101155.775:ERROR:process_memory_win.cc(73)] ReadMemory at 0x7fff4dee0000 of 64 bytes failed: Only part of a ReadProcessMemory or WriteProcessMemory request was completed. (0x12B)
[1220/101155.775:WARNING:pe_image_reader.cc(340)] could not read dos header from C:\Windows\System32\bcrypt.dll
[1220/101155.775:ERROR:process_memory_win.cc(73)] ReadMemory at 0x7fff43e10000 of 64 bytes failed: Only part of a ReadProcessMemory or WriteProcessMemory request was completed. (0x12B)
[1220/101155.775:WARNING:pe_image_reader.cc(340)] could not read dos header from C:\Windows\SYSTEM32\dbghelp.dll
[1220/101155.775:ERROR:process_memory_win.cc(73)] ReadMemory at 0x7fff35140000 of 64 bytes failed: Only part of a ReadProcessMemory or WriteProcessMemory request was completed. (0x12B)
[1220/101155.776:WARNING:pe_image_reader.cc(340)] could not read dos header from C:\Windows\SYSTEM32\Secur32.dll
[1220/101155.776:ERROR:process_memory_win.cc(73)] ReadMemory at 0x7fff49450000 of 64 bytes failed: Only part of a ReadProcessMemory or WriteProcessMemory request was completed. (0x12B)
[1220/101155.776:WARNING:pe_image_reader.cc(340)] could not read dos header from C:\Windows\SYSTEM32\WINHTTP.dll
[1220/101155.776:ERROR:process_memory_win.cc(73)] ReadMemory at 0x7fff47530000 of 64 bytes failed: Only part of a ReadProcessMemory or WriteProcessMemory request was completed. (0x12B)
[1220/101155.776:WARNING:pe_image_reader.cc(340)] could not read dos header from C:\Windows\SYSTEM32\dhcpcsvc.DLL
[1220/101155.776:ERROR:process_memory_win.cc(73)] ReadMemory at 0x7fff4ee50000 of 64 bytes failed: Only part of a ReadProcessMemory or WriteProcessMemory request was completed. (0x12B)
[1220/101155.776:WARNING:pe_image_reader.cc(340)] could not read dos header from C:\Windows\System32\NSI.dll
[1220/101155.776:ERROR:process_memory_win.cc(73)] ReadMemory at 0x7fff4b080000 of 64 bytes failed: Only part of a ReadProcessMemory or WriteProcessMemory request was completed. (0x12B)
[1220/101155.776:WARNING:pe_image_reader.cc(340)] could not read dos header from C:\Windows\SYSTEM32\WINMMBASE.dll
[1220/101155.776:ERROR:process_memory_win.cc(73)] ReadMemory at 0x7fff4e010000 of 64 bytes failed: Only part of a ReadProcessMemory or WriteProcessMemory request was completed. (0x12B)
[1220/101155.777:WARNING:pe_image_reader.cc(340)] could not read dos header from C:\Windows\System32\cfgmgr32.dll
[1220/101155.777:ERROR:process_memory_win.cc(73)] ReadMemory at 0x7fff4b1b0000 of 64 bytes failed: Only part of a ReadProcessMemory or WriteProcessMemory request was completed. (0x12B)
[1220/101155.777:WARNING:pe_image_reader.cc(340)] could not read dos header from C:\Windows\SYSTEM32\PROPSYS.dll
[1220/101155.777:ERROR:process_memory_win.cc(73)] ReadMemory at 0x7fff4e770000 of 64 bytes failed: Only part of a ReadProcessMemory or WriteProcessMemory request was completed. (0x12B)
[1220/101155.777:WARNING:pe_image_reader.cc(340)] could not read dos header from C:\Windows\System32\shcore.dll
[1220/101155.777:ERROR:process_memory_win.cc(73)] ReadMemory at 0x7fff4d410000 of 64 bytes failed: Only part of a ReadProcessMemory or WriteProcessMemory request was completed. (0x12B)
[1220/101155.777:WARNING:pe_image_reader.cc(340)] could not read dos header from C:\Windows\SYSTEM32\SSPICLI.DLL
[1220/101155.777:ERROR:process_memory_win.cc(73)] ReadMemory at 0x7fff4f170000 of 64 bytes failed: Only part of a ReadProcessMemory or WriteProcessMemory request was completed. (0x12B)
[1220/101155.777:WARNING:pe_image_reader.cc(340)] could not read dos header from C:\Windows\System32\ole32.dll
[1220/101155.777:ERROR:process_memory_win.cc(73)] ReadMemory at 0x7fff4fbc0000 of 64 bytes failed: Only part of a ReadProcessMemory or WriteProcessMemory request was completed. (0x12B)
[1220/101155.778:WARNING:pe_image_reader.cc(340)] could not read dos header from C:\Windows\System32\SHELL32.dll
[1220/101155.778:ERROR:process_memory_win.cc(73)] ReadMemory at 0x7fff4d790000 of 64 bytes failed: Only part of a ReadProcessMemory or WriteProcessMemory request was completed. (0x12B)
[1220/101155.778:WARNING:pe_image_reader.cc(340)] could not read dos header from C:\Windows\System32\windows.storage.dll
[1220/101155.778:ERROR:process_memory_win.cc(73)] ReadMemory at 0x7fff4d530000 of 64 bytes failed: Only part of a ReadProcessMemory or WriteProcessMemory request was completed. (0x12B)
[1220/101155.778:WARNING:pe_image_reader.cc(340)] could not read dos header from C:\Windows\System32\powrprof.dll
[1220/101155.778:ERROR:process_memory_win.cc(73)] ReadMemory at 0x7fff4fb00000 of 64 bytes failed: Only part of a ReadProcessMemory or WriteProcessMemory request was completed. (0x12B)
[1220/101155.778:WARNING:pe_image_reader.cc(340)] could not read dos header from C:\Windows\System32\shlwapi.dll
[1220/101155.778:ERROR:process_memory_win.cc(73)] ReadMemory at 0x7fff4e650000 of 64 bytes failed: Only part of a ReadProcessMemory or WriteProcessMemory request was completed. (0x12B)
[1220/101155.778:WARNING:pe_image_reader.cc(340)] could not read dos header from C:\Windows\System32\cryptsp.dll
[1220/101155.778:ERROR:process_memory_win.cc(73)] ReadMemory at 0x7fff4d040000 of 64 bytes failed: Only part of a ReadProcessMemory or WriteProcessMemory request was completed. (0x12B)
[1220/101155.779:WARNING:pe_image_reader.cc(340)] could not read dos header from C:\Windows\SYSTEM32\CRYPTBASE.DLL
[1220/101155.779:ERROR:process_memory_win.cc(73)] ReadMemory at 0x7fff492f0000 of 64 bytes failed: Only part of a ReadProcessMemory or WriteProcessMemory request was completed. (0x12B)
[1220/101155.779:WARNING:pe_image_reader.cc(340)] could not read dos header from C:\Windows\system32\NLAapi.dll
[1220/101155.779:ERROR:process_memory_win.cc(73)] ReadMemory at 0x7fff471b0000 of 64 bytes failed: Only part of a ReadProcessMemory or WriteProcessMemory request was completed. (0x12B)
[1220/101155.779:WARNING:pe_image_reader.cc(340)] could not read dos header from C:\Windows\SYSTEM32\dhcpcsvc6.DLL
[1220/101155.779:ERROR:process_memory_win.cc(73)] ReadMemory at 0x7fff4ca50000 of 64 bytes failed: Only part of a ReadProcessMemory or WriteProcessMemory request was completed. (0x12B)
[1220/101155.779:WARNING:pe_image_reader.cc(340)] could not read dos header from C:\Windows\SYSTEM32\DNSAPI.dll
[1220/101155.779:ERROR:process_memory_win.cc(73)] ReadMemory at 0x7fff45e00000 of 64 bytes failed: Only part of a ReadProcessMemory or WriteProcessMemory request was completed. (0x12B)
[1220/101155.780:WARNING:pe_image_reader.cc(340)] could not read dos header from C:\Windows\SYSTEM32\wlanapi.dll
[1220/101155.780:ERROR:process_memory_win.cc(73)] ReadMemory at 0x7fff4ccf0000 of 64 bytes failed: Only part of a ReadProcessMemory or WriteProcessMemory request was completed. (0x12B)
[1220/101155.780:WARNING:pe_image_reader.cc(340)] could not read dos header from C:\Windows\system32\mswsock.dll
[1220/101155.780:ERROR:process_memory_win.cc(73)] ReadMemory at 0x7fff427a0000 of 64 bytes failed: Only part of a ReadProcessMemory or WriteProcessMemory request was completed. (0x12B)
[1220/101155.780:WARNING:pe_image_reader.cc(340)] could not read dos header from C:\Windows\System32\rasadhlp.dll
[1220/101155.781:ERROR:process_memory_win.cc(73)] ReadMemory at 0x7fff427d0000 of 64 bytes failed: Only part of a ReadProcessMemory or WriteProcessMemory request was completed. (0x12B)
[1220/101155.781:WARNING:pe_image_reader.cc(340)] could not read dos header from C:\Windows\System32\fwpuclnt.dll
[1220/101155.781:ERROR:process_memory_win.cc(73)] ReadMemory at 0x7fff4c870000 of 64 bytes failed: Only part of a ReadProcessMemory or WriteProcessMemory request was completed. (0x12B)
[1220/101155.781:WARNING:pe_image_reader.cc(340)] could not read dos header from C:\Windows\system32\rsaenh.dll
[1220/101155.781:ERROR:process_memory_win.cc(73)] ReadMemory at 0x7fff4c170000 of 64 bytes failed: Only part of a ReadProcessMemory or WriteProcessMemory request was completed. (0x12B)
[1220/101155.781:WARNING:pe_image_reader.cc(340)] could not read dos header from C:\Windows\SYSTEM32\gpapi.dll
[1220/101155.781:ERROR:process_memory_win.cc(73)] ReadMemory at 0x7fff270b0000 of 64 bytes failed: Only part of a ReadProcessMemory or WriteProcessMemory request was completed. (0x12B)
[1220/101155.781:WARNING:pe_image_reader.cc(340)] could not read dos header from C:\Windows\System32\cryptnet.dll
[1220/101155.781:ERROR:process_memory_win.cc(73)] ReadMemory at 0x7ff72b760000 of 64 bytes failed: Only part of a ReadProcessMemory or WriteProcessMemory request was completed. (0x12B)
[1220/101155.782:WARNING:pe_image_reader.cc(340)] could not read dos header from C:\Program Files (x86)\Google\Chrome\Application\chrome.exe
[1220/101155.782:ERROR:process_memory_win.cc(73)] ReadMemory at 0x7fff514f0000 of 64 bytes failed: Only part of a ReadProcessMemory or WriteProcessMemory request was completed. (0x12B)
[1220/101155.782:WARNING:pe_image_reader.cc(340)] could not read dos header from C:\Windows\SYSTEM32\ntdll.dll
[1220/101155.782:ERROR:process_memory_win.cc(73)] ReadMemory at 0x7fff51380000 of 64 bytes failed: Only part of a ReadProcessMemory or WriteProcessMemory request was completed. (0x12B)
[1220/101155.782:WARNING:pe_image_reader.cc(340)] could not read dos header from C:\Windows\System32\KERNEL32.dll
[1220/101155.782:ERROR:process_memory_win.cc(73)] ReadMemory at 0x7fff4e0e0000 of 64 bytes failed: Only part of a ReadProcessMemory or WriteProcessMemory request was completed. (0x12B)
[1220/101155.782:WARNING:pe_image_reader.cc(340)] could not read dos header from C:\Windows\System32\KERNELBASE.dll
[1220/101155.783:ERROR:process_memory_win.cc(73)] ReadMemory at 0x7fff25330000 of 64 bytes failed: Only part of a ReadProcessMemory or WriteProcessMemory request was completed. (0x12B)
[1220/101155.783:WARNING:pe_image_reader.cc(340)] could not read dos header from C:\Program Files (x86)\Google\Chrome\Application\79.0.3945.88\chrome_elf.dll
[1220/101155.784:ERROR:process_memory_win.cc(73)] ReadMemory at 0x7fff443f0000 of 64 bytes failed: Only part of a ReadProcessMemory or WriteProcessMemory request was completed. (0x12B)
[1220/101155.784:WARNING:pe_image_reader.cc(340)] could not read dos header from C:\Windows\SYSTEM32\VERSION.dll
[1220/101155.784:ERROR:process_memory_win.cc(73)] ReadMemory at 0x7fff4f2d0000 of 64 bytes failed: Only part of a ReadProcessMemory or WriteProcessMemory request was completed. (0x12B)
[1220/101155.784:WARNING:pe_image_reader.cc(340)] could not read dos header from C:\Windows\System32\msvcrt.dll
[1220/101155.784:ERROR:process_memory_win.cc(73)] ReadMemory at 0x7fff4e060000 of 64 bytes failed: Only part of a ReadProcessMemory or WriteProcessMemory request was completed. (0x12B)
[1220/101155.784:WARNING:pe_image_reader.cc(340)] could not read dos header from C:\Windows\System32\bcryptPrimitives.dll
[1220/101155.784:ERROR:process_memory_win.cc(73)] ReadMemory at 0x7fff4f9a0000 of 64 bytes failed: Only part of a ReadProcessMemory or WriteProcessMemory request was completed. (0x12B)
[1220/101155.784:WARNING:pe_image_reader.cc(340)] could not read dos header from C:\Windows\System32\ADVAPI32.dll
[1220/101155.784:ERROR:process_memory_win.cc(73)] ReadMemory at 0x7fff512e0000 of 64 bytes failed: Only part of a ReadProcessMemory or WriteProcessMemory request was completed. (0x12B)
[1220/101155.785:WARNING:pe_image_reader.cc(340)] could not read dos header from C:\Windows\System32\sechost.dll
[1220/101155.785:ERROR:process_memory_win.cc(73)] ReadMemory at 0x7fff4ee60000 of 64 bytes failed: Only part of a ReadProcessMemory or WriteProcessMemory request was completed. (0x12B)
[1220/101155.785:WARNING:pe_image_reader.cc(340)] could not read dos header from C:\Windows\System32\RPCRT4.dll
[1220/101155.785:ERROR:process_memory_win.cc(73)] ReadMemory at 0x7fff4f800000 of 64 bytes failed: Only part of a ReadProcessMemory or WriteProcessMemory request was completed. (0x12B)
[1220/101155.785:WARNING:pe_image_reader.cc(340)] could not read dos header from C:\Windows\System32\user32.dll
[1220/101155.785:ERROR:process_memory_win.cc(73)] ReadMemory at 0x7fff4e430000 of 64 bytes failed: Only part of a ReadProcessMemory or WriteProcessMemory request was completed. (0x12B)
[1220/101155.785:WARNING:pe_image_reader.cc(340)] could not read dos header from C:\Windows\System32\win32u.dll
[1220/101155.785:ERROR:process_memory_win.cc(73)] ReadMemory at 0x7fff4f370000 of 64 bytes failed: Only part of a ReadProcessMemory or WriteProcessMemory request was completed. (0x12B)
[1220/101155.785:WARNING:pe_image_reader.cc(340)] could not read dos header from C:\Windows\System32\GDI32.dll
[1220/101155.786:ERROR:process_memory_win.cc(73)] ReadMemory at 0x7fff4e450000 of 64 bytes failed: Only part of a ReadProcessMemory or WriteProcessMemory request was completed. (0x12B)
[1220/101155.786:WARNING:pe_image_reader.cc(340)] could not read dos header from C:\Windows\System32\gdi32full.dll
[1220/101155.788:ERROR:process_memory_win.cc(73)] ReadMemory at 0x7fff4e670000 of 64 bytes failed: Only part of a ReadProcessMemory or WriteProcessMemory request was completed. (0x12B)
[1220/101155.788:WARNING:pe_image_reader.cc(340)] could not read dos header from C:\Windows\System32\msvcp_win.dll
[1220/101155.788:ERROR:process_memory_win.cc(73)] ReadMemory at 0x7fff4df10000 of 64 bytes failed: Only part of a ReadProcessMemory or WriteProcessMemory request was completed. (0x12B)
[1220/101155.788:WARNING:pe_image_reader.cc(340)] could not read dos header from C:\Windows\System32\ucrtbase.dll
[1220/101155.788:ERROR:process_memory_win.cc(73)] ReadMemory at 0x7fff510c0000 of 64 bytes failed: Only part of a ReadProcessMemory or WriteProcessMemory request was completed. (0x12B)
[1220/101155.788:WARNING:pe_image_reader.cc(340)] could not read dos header from C:\Windows\System32\IMM32.DLL
[1220/101155.788:ERROR:process_memory_win.cc(73)] ReadMemory at 0x7ffef6140000 of 64 bytes failed: Only part of a ReadProcessMemory or WriteProcessMemory request was completed. (0x12B)
[1220/101155.788:WARNING:pe_image_reader.cc(340)] could not read dos header from C:\Program Files (x86)\Google\Chrome\Application\79.0.3945.88\chrome_child.dll
[1220/101155.789:ERROR:process_memory_win.cc(73)] ReadMemory at 0x7fff4efa0000 of 64 bytes failed: Only part of a ReadProcessMemory or WriteProcessMemory request was completed. (0x12B)
[1220/101155.789:WARNING:pe_image_reader.cc(340)] could not read dos header from C:\Windows\System32\OLEAUT32.dll
[1220/101155.789:ERROR:process_memory_win.cc(73)] ReadMemory at 0x7fff4f3a0000 of 64 bytes failed: Only part of a ReadProcessMemory or WriteProcessMemory request was completed. (0x12B)
[1220/101155.789:WARNING:pe_image_reader.cc(340)] could not read dos header from C:\Windows\System32\combase.dll
[1220/101155.789:ERROR:process_memory_win.cc(73)] ReadMemory at 0x7fff510f0000 of 64 bytes failed: Only part of a ReadProcessMemory or WriteProcessMemory request was completed. (0x12B)
[1220/101155.789:WARNING:pe_image_reader.cc(340)] could not read dos header from C:\Windows\System32\WS2_32.dll
[1220/101155.789:ERROR:process_memory_win.cc(73)] ReadMemory at 0x7fff4e5f0000 of 64 bytes failed: Only part of a ReadProcessMemory or WriteProcessMemory request was completed. (0x12B)
[1220/101155.789:WARNING:pe_image_reader.cc(340)] could not read dos header from C:\Windows\System32\WINTRUST.dll
[1220/101155.789:ERROR:process_memory_win.cc(73)] ReadMemory at 0x7fff4d4e0000 of 64 bytes failed: Only part of a ReadProcessMemory or WriteProcessMemory request was completed. (0x12B)
[1220/101155.789:WARNING:pe_image_reader.cc(340)] could not read dos header from C:\Windows\System32\MSASN1.dll
[1220/101155.790:ERROR:process_memory_win.cc(73)] ReadMemory at 0x7fff4d5b0000 of 64 bytes failed: Only part of a ReadProcessMemory or WriteProcessMemory request was completed. (0x12B)
[1220/101155.790:WARNING:pe_image_reader.cc(340)] could not read dos header from C:\Windows\System32\CRYPT32.dll
[1220/101155.790:ERROR:process_memory_win.cc(73)] ReadMemory at 0x7fff4ca10000 of 64 bytes failed: Only part of a ReadProcessMemory or WriteProcessMemory request was completed. (0x12B)
[1220/101155.790:WARNING:pe_image_reader.cc(340)] could not read dos header from C:\Windows\SYSTEM32\IPHLPAPI.DLL
[1220/101155.791:ERROR:process_memory_win.cc(73)] ReadMemory at 0x7fff4b0b0000 of 64 bytes failed: Only part of a ReadProcessMemory or WriteProcessMemory request was completed. (0x12B)
[1220/101155.791:WARNING:pe_image_reader.cc(340)] could not read dos header from C:\Windows\SYSTEM32\WINMM.dll
[1220/101155.791:ERROR:process_memory_win.cc(73)] ReadMemory at 0x7fff4d3e0000 of 64 bytes failed: Only part of a ReadProcessMemory or WriteProcessMemory request was completed. (0x12B)
[1220/101155.791:WARNING:pe_image_reader.cc(340)] could not read dos header from C:\Windows\SYSTEM32\USERENV.dll
[1220/101155.791:ERROR:process_memory_win.cc(73)] ReadMemory at 0x7fff4d500000 of 64 bytes failed: Only part of a ReadProcessMemory or WriteProcessMemory request was completed. (0x12B)
[1220/101155.791:WARNING:pe_image_reader.cc(340)] could not read dos header from C:\Windows\System32\profapi.dll
[1220/101155.791:ERROR:process_memory_win.cc(73)] ReadMemory at 0x7fff40ee0000 of 64 bytes failed: Only part of a ReadProcessMemory or WriteProcessMemory request was completed. (0x12B)
[1220/101155.792:WARNING:pe_image_reader.cc(340)] could not read dos header from C:\Windows\SYSTEM32\DWrite.dll
[1220/101155.792:ERROR:process_memory_win.cc(73)] ReadMemory at 0x7fff44bf0000 of 64 bytes failed: Only part of a ReadProcessMemory or WriteProcessMemory request was completed. (0x12B)
[1220/101155.792:WARNING:pe_image_reader.cc(340)] could not read dos header from C:\Windows\SYSTEM32\WINSPOOL.DRV
[1220/101155.792:ERROR:process_memory_win.cc(73)] ReadMemory at 0x7fff4d590000 of 64 bytes failed: Only part of a ReadProcessMemory or WriteProcessMemory request was completed. (0x12B)
[1220/101155.792:WARNING:pe_image_reader.cc(340)] could not read dos header from C:\Windows\System32\kernel.appcore.dll
[1220/101155.792:ERROR:process_memory_win.cc(73)] ReadMemory at 0x7fff4dee0000 of 64 bytes failed: Only part of a ReadProcessMemory or WriteProcessMemory request was completed. (0x12B)
[1220/101155.792:WARNING:pe_image_reader.cc(340)] could not read dos header from C:\Windows\System32\bcrypt.dll
[1220/101155.792:ERROR:process_memory_win.cc(73)] ReadMemory at 0x7fff43e10000 of 64 bytes failed: Only part of a ReadProcessMemory or WriteProcessMemory request was completed. (0x12B)
[1220/101155.792:WARNING:pe_image_reader.cc(340)] could not read dos header from C:\Windows\SYSTEM32\dbghelp.dll
[1220/101155.792:ERROR:process_memory_win.cc(73)] ReadMemory at 0x7fff35140000 of 64 bytes failed: Only part of a ReadProcessMemory or WriteProcessMemory request was completed. (0x12B)
[1220/101155.793:WARNING:pe_image_reader.cc(340)] could not read dos header from C:\Windows\SYSTEM32\Secur32.dll
[1220/101155.793:ERROR:process_memory_win.cc(73)] ReadMemory at 0x7fff49450000 of 64 bytes failed: Only part of a ReadProcessMemory or WriteProcessMemory request was completed. (0x12B)
[1220/101155.793:WARNING:pe_image_reader.cc(340)] could not read dos header from C:\Windows\SYSTEM32\WINHTTP.dll
[1220/101155.793:ERROR:process_memory_win.cc(73)] ReadMemory at 0x7fff47530000 of 64 bytes failed: Only part of a ReadProcessMemory or WriteProcessMemory request was completed. (0x12B)
[1220/101155.793:WARNING:pe_image_reader.cc(340)] could not read dos header from C:\Windows\SYSTEM32\dhcpcsvc.DLL
[1220/101155.793:ERROR:process_memory_win.cc(73)] ReadMemory at 0x7fff4ee50000 of 64 bytes failed: Only part of a ReadProcessMemory or WriteProcessMemory request was completed. (0x12B)
[1220/101155.793:WARNING:pe_image_reader.cc(340)] could not read dos header from C:\Windows\System32\NSI.dll
[1220/101155.793:ERROR:process_memory_win.cc(73)] ReadMemory at 0x7fff4b080000 of 64 bytes failed: Only part of a ReadProcessMemory or WriteProcessMemory request was completed. (0x12B)
[1220/101155.793:WARNING:pe_image_reader.cc(340)] could not read dos header from C:\Windows\SYSTEM32\WINMMBASE.dll
[1220/101155.793:ERROR:process_memory_win.cc(73)] ReadMemory at 0x7fff4e010000 of 64 bytes failed: Only part of a ReadProcessMemory or WriteProcessMemory request was completed. (0x12B)
[1220/101155.794:WARNING:pe_image_reader.cc(340)] could not read dos header from C:\Windows\System32\cfgmgr32.dll
[1220/101155.794:ERROR:process_memory_win.cc(73)] ReadMemory at 0x7fff4b1b0000 of 64 bytes failed: Only part of a ReadProcessMemory or WriteProcessMemory request was completed. (0x12B)
[1220/101155.794:WARNING:pe_image_reader.cc(340)] could not read dos header from C:\Windows\SYSTEM32\PROPSYS.dll
[1220/101155.794:ERROR:process_memory_win.cc(73)] ReadMemory at 0x7fff4e770000 of 64 bytes failed: Only part of a ReadProcessMemory or WriteProcessMemory request was completed. (0x12B)
[1220/101155.794:WARNING:pe_image_reader.cc(340)] could not read dos header from C:\Windows\System32\shcore.dll
[1220/101155.794:ERROR:process_memory_win.cc(73)] ReadMemory at 0x7fff4d410000 of 64 bytes failed: Only part of a ReadProcessMemory or WriteProcessMemory request was completed. (0x12B)
[1220/101155.794:WARNING:pe_image_reader.cc(340)] could not read dos header from C:\Windows\SYSTEM32\SSPICLI.DLL
[1220/101155.794:ERROR:process_memory_win.cc(73)] ReadMemory at 0x7fff4f170000 of 64 bytes failed: Only part of a ReadProcessMemory or WriteProcessMemory request was completed. (0x12B)
[1220/101155.794:WARNING:pe_image_reader.cc(340)] could not read dos header from C:\Windows\System32\ole32.dll
[1220/101155.794:ERROR:process_memory_win.cc(73)] ReadMemory at 0x7fff4fbc0000 of 64 bytes failed: Only part of a ReadProcessMemory or WriteProcessMemory request was completed. (0x12B)
[1220/101155.795:WARNING:pe_image_reader.cc(340)] could not read dos header from C:\Windows\System32\SHELL32.dll
[1220/101155.795:ERROR:process_memory_win.cc(73)] ReadMemory at 0x7fff4d790000 of 64 bytes failed: Only part of a ReadProcessMemory or WriteProcessMemory request was completed. (0x12B)
[1220/101155.795:WARNING:pe_image_reader.cc(340)] could not read dos header from C:\Windows\System32\windows.storage.dll
[1220/101155.795:ERROR:process_memory_win.cc(73)] ReadMemory at 0x7fff4d530000 of 64 bytes failed: Only part of a ReadProcessMemory or WriteProcessMemory request was completed. (0x12B)
[1220/101155.795:WARNING:pe_image_reader.cc(340)] could not read dos header from C:\Windows\System32\powrprof.dll
[1220/101155.795:ERROR:process_memory_win.cc(73)] ReadMemory at 0x7fff4fb00000 of 64 bytes failed: Only part of a ReadProcessMemory or WriteProcessMemory request was completed. (0x12B)
[1220/101155.795:WARNING:pe_image_reader.cc(340)] could not read dos header from C:\Windows\System32\shlwapi.dll
[1220/101155.795:ERROR:process_memory_win.cc(73)] ReadMemory at 0x7fff4e650000 of 64 bytes failed: Only part of a ReadProcessMemory or WriteProcessMemory request was completed. (0x12B)
[1220/101155.796:WARNING:pe_image_reader.cc(340)] could not read dos header from C:\Windows\System32\cryptsp.dll
[1220/101155.796:ERROR:process_memory_win.cc(73)] ReadMemory at 0x7fff4d040000 of 64 bytes failed: Only part of a ReadProcessMemory or WriteProcessMemory request was completed. (0x12B)
[1220/101155.796:WARNING:pe_image_reader.cc(340)] could not read dos header from C:\Windows\SYSTEM32\CRYPTBASE.DLL
[1220/101155.796:ERROR:process_memory_win.cc(73)] ReadMemory at 0x7fff492f0000 of 64 bytes failed: Only part of a ReadProcessMemory or WriteProcessMemory request was completed. (0x12B)
[1220/101155.796:WARNING:pe_image_reader.cc(340)] could not read dos header from C:\Windows\system32\NLAapi.dll
[1220/101155.796:ERROR:process_memory_win.cc(73)] ReadMemory at 0x7fff471b0000 of 64 bytes failed: Only part of a ReadProcessMemory or WriteProcessMemory request was completed. (0x12B)
[1220/101155.796:WARNING:pe_image_reader.cc(340)] could not read dos header from C:\Windows\SYSTEM32\dhcpcsvc6.DLL
[1220/101155.796:ERROR:process_memory_win.cc(73)] ReadMemory at 0x7fff4ca50000 of 64 bytes failed: Only part of a ReadProcessMemory or WriteProcessMemory request was completed. (0x12B)
[1220/101155.796:WARNING:pe_image_reader.cc(340)] could not read dos header from C:\Windows\SYSTEM32\DNSAPI.dll
[1220/101155.796:ERROR:process_memory_win.cc(73)] ReadMemory at 0x7fff45e00000 of 64 bytes failed: Only part of a ReadProcessMemory or WriteProcessMemory request was completed. (0x12B)
[1220/101155.796:WARNING:pe_image_reader.cc(340)] could not read dos header from C:\Windows\SYSTEM32\wlanapi.dll
[1220/101155.797:ERROR:process_memory_win.cc(73)] ReadMemory at 0x7fff4ccf0000 of 64 bytes failed: Only part of a ReadProcessMemory or WriteProcessMemory request was completed. (0x12B)
[1220/101155.797:WARNING:pe_image_reader.cc(340)] could not read dos header from C:\Windows\system32\mswsock.dll
[1220/101155.797:ERROR:process_memory_win.cc(73)] ReadMemory at 0x7fff427a0000 of 64 bytes failed: Only part of a ReadProcessMemory or WriteProcessMemory request was completed. (0x12B)
[1220/101155.797:WARNING:pe_image_reader.cc(340)] could not read dos header from C:\Windows\System32\rasadhlp.dll
[1220/101155.797:ERROR:process_memory_win.cc(73)] ReadMemory at 0x7fff427d0000 of 64 bytes failed: Only part of a ReadProcessMemory or WriteProcessMemory request was completed. (0x12B)
[1220/101155.797:WARNING:pe_image_reader.cc(340)] could not read dos header from C:\Windows\System32\fwpuclnt.dll
[1220/101155.798:ERROR:process_memory_win.cc(73)] ReadMemory at 0x7fff4c870000 of 64 bytes failed: Only part of a ReadProcessMemory or WriteProcessMemory request was completed. (0x12B)
[1220/101155.798:WARNING:pe_image_reader.cc(340)] could not read dos header from C:\Windows\system32\rsaenh.dll
[1220/101155.798:ERROR:process_memory_win.cc(73)] ReadMemory at 0x7fff4c170000 of 64 bytes failed: Only part of a ReadProcessMemory or WriteProcessMemory request was completed. (0x12B)
[1220/101155.799:WARNING:pe_image_reader.cc(340)] could not read dos header from C:\Windows\SYSTEM32\gpapi.dll
[1220/101155.799:ERROR:process_memory_win.cc(73)] ReadMemory at 0x7fff270b0000 of 64 bytes failed: Only part of a ReadProcessMemory or WriteProcessMemory request was completed. (0x12B)
[1220/101155.799:WARNING:pe_image_reader.cc(340)] could not read dos header from C:\Windows\System32\cryptnet.dll
[1220/101155.845:ERROR:process_memory_win.cc(73)] ReadMemory at 0xaef1ed000 of 77824 bytes failed: Only part of a ReadProcessMemory or WriteProcessMemory request was completed. (0x12B)
[1220/101155.846:ERROR:process_memory_win.cc(73)] ReadMemory at 0xaef9fe000 of 8192 bytes failed: Only part of a ReadProcessMemory or WriteProcessMemory request was completed. (0x12B)
[1220/101155.846:ERROR:process_memory_win.cc(73)] ReadMemory at 0xaf01fd000 of 12288 bytes failed: Only part of a ReadProcessMemory or WriteProcessMemory request was completed. (0x12B)
[1220/101155.846:ERROR:process_memory_win.cc(73)] ReadMemory at 0xaf09fa000 of 24576 bytes failed: Only part of a ReadProcessMemory or WriteProcessMemory request was completed. (0x12B)
[1220/101155.847:ERROR:process_memory_win.cc(73)] ReadMemory at 0xaf11fd000 of 12288 bytes failed: Only part of a ReadProcessMemory or WriteProcessMemory request was completed. (0x12B)
[1220/101155.847:ERROR:process_memory_win.cc(73)] ReadMemory at 0xaf19f8000 of 32768 bytes failed: Only part of a ReadProcessMemory or WriteProcessMemory request was completed. (0x12B)
[1220/101155.848:ERROR:process_memory_win.cc(73)] ReadMemory at 0xaf21fd000 of 12288 bytes failed: Only part of a ReadProcessMemory or WriteProcessMemory request was completed. (0x12B)
[1220/101155.848:ERROR:process_memory_win.cc(73)] ReadMemory at 0xaf29f9000 of 28672 bytes failed: Only part of a ReadProcessMemory or WriteProcessMemory request was completed. (0x12B)
[1220/101155.849:ERROR:process_memory_win.cc(73)] ReadMemory at 0xaf31f9000 of 28672 bytes failed: Only part of a ReadProcessMemory or WriteProcessMemory request was completed. (0x12B)
[1220/101155.849:ERROR:process_memory_win.cc(73)] ReadMemory at 0xaf41ff000 of 4096 bytes failed: Only part of a ReadProcessMemory or WriteProcessMemory request was completed. (0x12B)
[1220/101155.849:ERROR:process_memory_win.cc(73)] ReadMemory at 0xaf49ff000 of 4096 bytes failed: Only part of a ReadProcessMemory or WriteProcessMemory request was completed. (0x12B)
[1220/101155.850:ERROR:process_memory_win.cc(73)] ReadMemory at 0xaf39fc000 of 16384 bytes failed: Only part of a ReadProcessMemory or WriteProcessMemory request was completed. (0x12B)
[1220/101155.850:ERROR:process_memory_win.cc(73)] ReadMemory at 0xaf51fb000 of 20480 bytes failed: Only part of a ReadProcessMemory or WriteProcessMemory request was completed. (0x12B)
[1220/101155.850:ERROR:process_memory_win.cc(73)] ReadMemory at 0xaf59ff000 of 4096 bytes failed: Only part of a ReadProcessMemory or WriteProcessMemory request was completed. (0x12B)
[1220/101155.851:ERROR:process_memory_win.cc(73)] ReadMemory at 0xaee810000 of 852 bytes failed: Only part of a ReadProcessMemory or WriteProcessMemory request was completed. (0x12B)
[1220/101155.851:ERROR:process_memory_win.cc(73)] ReadMemory at 0xaee811000 of 6024 bytes failed: Only part of a ReadProcessMemory or WriteProcessMemory request was completed. (0x12B)
[1220/101155.851:ERROR:process_memory_win.cc(73)] ReadMemory at 0xaee813000 of 6024 bytes failed: Only part of a ReadProcessMemory or WriteProcessMemory request was completed. (0x12B)
[1220/101155.852:ERROR:process_memory_win.cc(73)] ReadMemory at 0xaee815000 of 6024 bytes failed: Only part of a ReadProcessMemory or WriteProcessMemory request was completed. (0x12B)
[1220/101155.852:ERROR:process_memory_win.cc(73)] ReadMemory at 0xaee817000 of 6024 bytes failed: Only part of a ReadProcessMemory or WriteProcessMemory request was completed. (0x12B)
[1220/101155.852:ERROR:process_memory_win.cc(73)] ReadMemory at 0xaee819000 of 6024 bytes failed: Only part of a ReadProcessMemory or WriteProcessMemory request was completed. (0x12B)
[1220/101155.853:ERROR:process_memory_win.cc(73)] ReadMemory at 0xaee81b000 of 6024 bytes failed: Only part of a ReadProcessMemory or WriteProcessMemory request was completed. (0x12B)
[1220/101155.853:ERROR:process_memory_win.cc(73)] ReadMemory at 0xaee81d000 of 6024 bytes failed: Only part of a ReadProcessMemory or WriteProcessMemory request was completed. (0x12B)
[1220/101155.853:ERROR:process_memory_win.cc(73)] ReadMemory at 0xaee81f000 of 6024 bytes failed: Only part of a ReadProcessMemory or WriteProcessMemory request was completed. (0x12B)
[1220/101155.854:ERROR:process_memory_win.cc(73)] ReadMemory at 0xaee821000 of 6024 bytes failed: Only part of a ReadProcessMemory or WriteProcessMemory request was completed. (0x12B)
[1220/101155.854:ERROR:process_memory_win.cc(73)] ReadMemory at 0xaee825000 of 6024 bytes failed: Only part of a ReadProcessMemory or WriteProcessMemory request was completed. (0x12B)
[1220/101155.855:ERROR:process_memory_win.cc(73)] ReadMemory at 0xaee827000 of 6024 bytes failed: Only part of a ReadProcessMemory or WriteProcessMemory request was completed. (0x12B)
[1220/101155.856:ERROR:process_memory_win.cc(73)] ReadMemory at 0xaee829000 of 6024 bytes failed: Only part of a ReadProcessMemory or WriteProcessMemory request was completed. (0x12B)
[1220/101155.856:ERROR:process_memory_win.cc(73)] ReadMemory at 0xaee82b000 of 6024 bytes failed: Only part of a ReadProcessMemory or WriteProcessMemory request was completed. (0x12B)
[1220/101155.856:ERROR:process_memory_win.cc(73)] ReadMemory at 0xaee82d000 of 6024 bytes failed: Only part of a ReadProcessMemory or WriteProcessMemory request was completed. (0x12B)
[1220/101155.857:ERROR:process_memory_win.cc(73)] ReadMemory at 0x1e46e032980 of 512 bytes failed: Only part of a ReadProcessMemory or WriteProcessMemory request was completed. (0x12B)
[1220/101155.857:ERROR:process_memory_win.cc(73)] ReadMemory at 0x1e46e0702a8 of 512 bytes failed: Only part of a ReadProcessMemory or WriteProcessMemory request was completed. (0x12B)
[1220/101155.857:ERROR:process_memory_win.cc(73)] ReadMemory at 0x1e46e070ad0 of 512 bytes failed: Only part of a ReadProcessMemory or WriteProcessMemory request was completed. (0x12B)
[1220/101155.857:ERROR:process_memory_win.cc(73)] ReadMemory at 0x1e46e070fe0 of 6772 bytes failed: Only part of a ReadProcessMemory or WriteProcessMemory request was completed. (0x12B)
[1220/101155.857:ERROR:process_memory_win.cc(73)] ReadMemory at 0x1e46e072a60 of 1012 bytes failed: Only part of a ReadProcessMemory or WriteProcessMemory request was completed. (0x12B)
[1220/101155.858:ERROR:process_memory_win.cc(73)] ReadMemory at 0x1e46e073088 of 84 bytes failed: Only part of a ReadProcessMemory or WriteProcessMemory request was completed. (0x12B)
[1220/101155.858:ERROR:process_memory_win.cc(73)] ReadMemory at 0x1e46e0730de of 118 bytes failed: Only part of a ReadProcessMemory or WriteProcessMemory request was completed. (0x12B)
[1220/101155.858:ERROR:process_memory_win.cc(73)] ReadMemory at 0x1e46e073156 of 1044 bytes failed: Only part of a ReadProcessMemory or WriteProcessMemory request was completed. (0x12B)
[1220/101155.858:ERROR:process_memory_win.cc(73)] ReadMemory at 0x1e46e07356c of 118 bytes failed: Only part of a ReadProcessMemory or WriteProcessMemory request was completed. (0x12B)
[1220/101155.858:ERROR:process_memory_win.cc(73)] ReadMemory at 0x1e46e0735e4 of 30 bytes failed: Only part of a ReadProcessMemory or WriteProcessMemory request was completed. (0x12B)
[1220/101155.858:ERROR:process_memory_win.cc(73)] ReadMemory at 0x1e46e073610 of 58 bytes failed: Only part of a ReadProcessMemory or WriteProcessMemory request was completed. (0x12B)
[1220/101155.858:ERROR:process_memory_win.cc(73)] ReadMemory at 0x1e46e073770 of 132 bytes failed: Only part of a ReadProcessMemory or WriteProcessMemory request was completed. (0x12B)
[1220/101155.858:ERROR:process_memory_win.cc(73)] ReadMemory at 0x1e46e073900 of 132 bytes failed: Only part of a ReadProcessMemory or WriteProcessMemory request was completed. (0x12B)
[1220/101155.858:ERROR:process_memory_win.cc(73)] ReadMemory at 0x1e46e073ac0 of 124 bytes failed: Only part of a ReadProcessMemory or WriteProcessMemory request was completed. (0x12B)
[1220/101155.859:ERROR:process_memory_win.cc(73)] ReadMemory at 0x1e46e073db0 of 132 bytes failed: Only part of a ReadProcessMemory or WriteProcessMemory request was completed. (0x12B)
[1220/101155.859:ERROR:process_memory_win.cc(73)] ReadMemory at 0x1e46e0746a0 of 132 bytes failed: Only part of a ReadProcessMemory or WriteProcessMemory request was completed. (0x12B)
[1220/101155.859:ERROR:process_memory_win.cc(73)] ReadMemory at 0x1e46e074830 of 64 bytes failed: Only part of a ReadProcessMemory or WriteProcessMemory request was completed. (0x12B)
[1220/101155.859:ERROR:process_memory_win.cc(73)] ReadMemory at 0x1e46e074880 of 132 bytes failed: Only part of a ReadProcessMemory or WriteProcessMemory request was completed. (0x12B)
[1220/101155.859:ERROR:process_memory_win.cc(73)] ReadMemory at 0x1e46e0749b0 of 156 bytes failed: Only part of a ReadProcessMemory or WriteProcessMemory request was completed. (0x12B)
[1220/101155.860:ERROR:process_memory_win.cc(73)] ReadMemory at 0x1e46e074c90 of 132 bytes failed: Only part of a ReadProcessMemory or WriteProcessMemory request was completed. (0x12B)
[1220/101155.860:ERROR:process_memory_win.cc(73)] ReadMemory at 0x1e46e074e20 of 68 bytes failed: Only part of a ReadProcessMemory or WriteProcessMemory request was completed. (0x12B)
[1220/101155.860:ERROR:process_memory_win.cc(73)] ReadMemory at 0x1e46e079d10 of 132 bytes failed: Only part of a ReadProcessMemory or WriteProcessMemory request was completed. (0x12B)
[1220/101155.860:ERROR:process_memory_win.cc(73)] ReadMemory at 0x1e46e079e40 of 152 bytes failed: Only part of a ReadProcessMemory or WriteProcessMemory request was completed. (0x12B)
[1220/101155.860:ERROR:process_memory_win.cc(73)] ReadMemory at 0x1e46e07a480 of 62 bytes failed: Only part of a ReadProcessMemory or WriteProcessMemory request was completed. (0x12B)
[1220/101155.860:ERROR:process_memory_win.cc(73)] ReadMemory at 0x1e46e07a9b0 of 132 bytes failed: Only part of a ReadProcessMemory or WriteProcessMemory request was completed. (0x12B)
[1220/101155.861:ERROR:process_memory_win.cc(73)] ReadMemory at 0x1e46e07abe0 of 132 bytes failed: Only part of a ReadProcessMemory or WriteProcessMemory request was completed. (0x12B)
[1220/101155.861:ERROR:process_memory_win.cc(73)] ReadMemory at 0x1e46e07dd00 of 60 bytes failed: Only part of a ReadProcessMemory or WriteProcessMemory request was completed. (0x12B)
[1220/101155.861:ERROR:process_memory_win.cc(73)] ReadMemory at 0x1e46e07ddf0 of 60 bytes failed: Only part of a ReadProcessMemory or WriteProcessMemory request was completed. (0x12B)
[1220/101155.861:ERROR:process_memory_win.cc(73)] ReadMemory at 0x1e46e07de40 of 60 bytes failed: Only part of a ReadProcessMemory or WriteProcessMemory request was completed. (0x12B)
[1220/101155.861:ERROR:process_memory_win.cc(73)] ReadMemory at 0x1e46e07de90 of 62 bytes failed: Only part of a ReadProcessMemory or WriteProcessMemory request was completed. (0x12B)
[1220/101155.862:ERROR:process_memory_win.cc(73)] ReadMemory at 0x1e46e07e070 of 60 bytes failed: Only part of a ReadProcessMemory or WriteProcessMemory request was completed. (0x12B)
[1220/101155.862:ERROR:process_memory_win.cc(73)] ReadMemory at 0x1e46e07e1b0 of 64 bytes failed: Only part of a ReadProcessMemory or WriteProcessMemory request was completed. (0x12B)
[1220/101155.862:ERROR:process_memory_win.cc(73)] ReadMemory at 0x1e46e07e240 of 132 bytes failed: Only part of a ReadProcessMemory or WriteProcessMemory request was completed. (0x12B)
[1220/101155.862:ERROR:process_memory_win.cc(73)] ReadMemory at 0x1e46e07e370 of 132 bytes failed: Only part of a ReadProcessMemory or WriteProcessMemory request was completed. (0x12B)
[1220/101155.863:ERROR:process_memory_win.cc(73)] ReadMemory at 0x1e46e080a60 of 80 bytes failed: Only part of a ReadProcessMemory or WriteProcessMemory request was completed. (0x12B)
[1220/101155.864:ERROR:process_memory_win.cc(73)] ReadMemory at 0x1e46e081030 of 132 bytes failed: Only part of a ReadProcessMemory or WriteProcessMemory request was completed. (0x12B)
[1220/101155.864:ERROR:process_memory_win.cc(73)] ReadMemory at 0x1e46e081250 of 62 bytes failed: Only part of a ReadProcessMemory or WriteProcessMemory request was completed. (0x12B)
[1220/101155.864:ERROR:process_memory_win.cc(73)] ReadMemory at 0x1e46e0812f0 of 60 bytes failed: Only part of a ReadProcessMemory or WriteProcessMemory request was completed. (0x12B)
[1220/101155.864:ERROR:process_memory_win.cc(73)] ReadMemory at 0x1e46e081340 of 64 bytes failed: Only part of a ReadProcessMemory or WriteProcessMemory request was completed. (0x12B)
[1220/101155.864:ERROR:process_memory_win.cc(73)] ReadMemory at 0x1e46e081390 of 62 bytes failed: Only part of a ReadProcessMemory or WriteProcessMemory request was completed. (0x12B)
[1220/101155.865:ERROR:process_memory_win.cc(73)] ReadMemory at 0x1e46e081520 of 62 bytes failed: Only part of a ReadProcessMemory or WriteProcessMemory request was completed. (0x12B)
[1220/101155.865:ERROR:process_memory_win.cc(73)] ReadMemory at 0x1e46e081570 of 58 bytes failed: Only part of a ReadProcessMemory or WriteProcessMemory request was completed. (0x12B)
[1220/101155.865:ERROR:process_memory_win.cc(73)] ReadMemory at 0x1e46e0816b0 of 64 bytes failed: Only part of a ReadProcessMemory or WriteProcessMemory request was completed. (0x12B)
[1220/101155.865:ERROR:process_memory_win.cc(73)] ReadMemory at 0x1e46e081750 of 66 bytes failed: Only part of a ReadProcessMemory or WriteProcessMemory request was completed. (0x12B)
[1220/101155.866:ERROR:process_memory_win.cc(73)] ReadMemory at 0x1e46e0817a0 of 66 bytes failed: Only part of a ReadProcessMemory or WriteProcessMemory request was completed. (0x12B)
[1220/101155.866:ERROR:process_memory_win.cc(73)] ReadMemory at 0x1e46e0817f0 of 62 bytes failed: Only part of a ReadProcessMemory or WriteProcessMemory request was completed. (0x12B)
[1220/101155.866:ERROR:process_memory_win.cc(73)] ReadMemory at 0x1e46e0818e0 of 66 bytes failed: Only part of a ReadProcessMemory or WriteProcessMemory request was completed. (0x12B)
[1220/101155.866:ERROR:process_memory_win.cc(73)] ReadMemory at 0x1e46e0819d0 of 62 bytes failed: Only part of a ReadProcessMemory or WriteProcessMemory request was completed. (0x12B)
[1220/101155.866:ERROR:process_memory_win.cc(73)] ReadMemory at 0x1e46e081a20 of 58 bytes failed: Only part of a ReadProcessMemory or WriteProcessMemory request was completed. (0x12B)
[1220/101155.867:ERROR:process_memory_win.cc(73)] ReadMemory at 0x1e46e081ac0 of 64 bytes failed: Only part of a ReadProcessMemory or WriteProcessMemory request was completed. (0x12B)
[1220/101155.867:ERROR:process_memory_win.cc(73)] ReadMemory at 0x1e46e081b60 of 60 bytes failed: Only part of a ReadProcessMemory or WriteProcessMemory request was completed. (0x12B)
[1220/101155.867:ERROR:process_memory_win.cc(73)] ReadMemory at 0x1e46e081bb0 of 64 bytes failed: Only part of a ReadProcessMemory or WriteProcessMemory request was completed. (0x12B)
[1220/101155.867:ERROR:process_memory_win.cc(73)] ReadMemory at 0x1e46e081c00 of 62 bytes failed: Only part of a ReadProcessMemory or WriteProcessMemory request was completed. (0x12B)
[1220/101155.867:ERROR:process_memory_win.cc(73)] ReadMemory at 0x1e46e081c50 of 60 bytes failed: Only part of a ReadProcessMemory or WriteProcessMemory request was completed. (0x12B)
[1220/101155.868:ERROR:process_memory_win.cc(73)] ReadMemory at 0x1e46e081ca0 of 58 bytes failed: Only part of a ReadProcessMemory or WriteProcessMemory request was completed. (0x12B)
[1220/101155.868:ERROR:process_memory_win.cc(73)] ReadMemory at 0x1e46e081cf0 of 62 bytes failed: Only part of a ReadProcessMemory or WriteProcessMemory request was completed. (0x12B)
[1220/101155.868:ERROR:process_memory_win.cc(73)] ReadMemory at 0x1e46e081d40 of 60 bytes failed: Only part of a ReadProcessMemory or WriteProcessMemory request was completed. (0x12B)
[1220/101155.868:ERROR:process_memory_win.cc(73)] ReadMemory at 0x1e46e081d90 of 64 bytes failed: Only part of a ReadProcessMemory or WriteProcessMemory request was completed. (0x12B)
[1220/101155.868:ERROR:process_memory_win.cc(73)] ReadMemory at 0x1e46e081de0 of 64 bytes failed: Only part of a ReadProcessMemory or WriteProcessMemory request was completed. (0x12B)
[1220/101155.868:ERROR:process_memory_win.cc(73)] ReadMemory at 0x1e46e081e80 of 62 bytes failed: Only part of a ReadProcessMemory or WriteProcessMemory request was completed. (0x12B)
[1220/101155.869:ERROR:process_memory_win.cc(73)] ReadMemory at 0x1e46e081ed0 of 60 bytes failed: Only part of a ReadProcessMemory or WriteProcessMemory request was completed. (0x12B)
[1220/101155.869:ERROR:process_memory_win.cc(73)] ReadMemory at 0x1e46e081f20 of 64 bytes failed: Only part of a ReadProcessMemory or WriteProcessMemory request was completed. (0x12B)
[1220/101155.869:ERROR:process_memory_win.cc(73)] ReadMemory at 0x1e46e082010 of 62 bytes failed: Only part of a ReadProcessMemory or WriteProcessMemory request was completed. (0x12B)
[1220/101155.869:ERROR:process_memory_win.cc(73)] ReadMemory at 0x1e46e084250 of 54 bytes failed: Only part of a ReadProcessMemory or WriteProcessMemory request was completed. (0x12B)
[1220/101155.869:ERROR:process_memory_win.cc(73)] ReadMemory at 0x1e46e085010 of 132 bytes failed: Only part of a ReadProcessMemory or WriteProcessMemory request was completed. (0x12B)
[1220/101155.870:ERROR:process_memory_win.cc(73)] ReadMemory at 0x1e46e0862d0 of 132 bytes failed: Only part of a ReadProcessMemory or WriteProcessMemory request was completed. (0x12B)
[1220/101155.870:ERROR:process_memory_win.cc(73)] ReadMemory at 0x1e46e089ea0 of 132 bytes failed: Only part of a ReadProcessMemory or WriteProcessMemory request was completed. (0x12B)
[1220/101155.870:ERROR:process_memory_win.cc(73)] ReadMemory at 0x1e46e08a100 of 132 bytes failed: Only part of a ReadProcessMemory or WriteProcessMemory request was completed. (0x12B)
[1220/101155.870:ERROR:process_memory_win.cc(73)] ReadMemory at 0x1e46e08a230 of 132 bytes failed: Only part of a ReadProcessMemory or WriteProcessMemory request was completed. (0x12B)
[1220/101155.871:ERROR:process_memory_win.cc(73)] ReadMemory at 0x1e46e08a360 of 132 bytes failed: Only part of a ReadProcessMemory or WriteProcessMemory request was completed. (0x12B)
[1220/101155.871:ERROR:process_memory_win.cc(73)] ReadMemory at 0x1e46e08a490 of 132 bytes failed: Only part of a ReadProcessMemory or WriteProcessMemory request was completed. (0x12B)
[1220/101155.871:ERROR:process_memory_win.cc(73)] ReadMemory at 0x1e46e08a5c0 of 132 bytes failed: Only part of a ReadProcessMemory or WriteProcessMemory request was completed. (0x12B)
[1220/101155.871:ERROR:process_memory_win.cc(73)] ReadMemory at 0x1e46e08a6f0 of 132 bytes failed: Only part of a ReadProcessMemory or WriteProcessMemory request was completed. (0x12B)
[1220/101155.872:ERROR:process_memory_win.cc(73)] ReadMemory at 0x1e46e08a820 of 132 bytes failed: Only part of a ReadProcessMemory or WriteProcessMemory request was completed. (0x12B)
[1220/101155.872:ERROR:process_memory_win.cc(73)] ReadMemory at 0x1e46e08a950 of 132 bytes failed: Only part of a ReadProcessMemory or WriteProcessMemory request was completed. (0x12B)
[1220/101155.872:ERROR:process_memory_win.cc(73)] ReadMemory at 0x1e46e08aa80 of 132 bytes failed: Only part of a ReadProcessMemory or WriteProcessMemory request was completed. (0x12B)
[1220/101155.872:ERROR:process_memory_win.cc(73)] ReadMemory at 0x1e46e08abb0 of 132 bytes failed: Only part of a ReadProcessMemory or WriteProcessMemory request was completed. (0x12B)
[1220/101155.872:ERROR:process_memory_win.cc(73)] ReadMemory at 0x1e46e08ace0 of 132 bytes failed: Only part of a ReadProcessMemory or WriteProcessMemory request was completed. (0x12B)
[1220/101155.873:ERROR:process_memory_win.cc(73)] ReadMemory at 0x1e46e08ecb0 of 76 bytes failed: Only part of a ReadProcessMemory or WriteProcessMemory request was completed. (0x12B)
[1220/101155.873:ERROR:process_memory_win.cc(73)] ReadMemory at 0x1e46e08ee30 of 78 bytes failed: Only part of a ReadProcessMemory or WriteProcessMemory request was completed. (0x12B)
[1220/101155.873:ERROR:process_memory_win.cc(73)] ReadMemory at 0x1e46e08ff20 of 132 bytes failed: Only part of a ReadProcessMemory or WriteProcessMemory request was completed. (0x12B)
[1220/101155.873:ERROR:process_memory_win.cc(73)] ReadMemory at 0x1e46e090050 of 132 bytes failed: Only part of a ReadProcessMemory or WriteProcessMemory request was completed. (0x12B)
[1220/101155.873:ERROR:process_memory_win.cc(73)] ReadMemory at 0x1e46e090180 of 132 bytes failed: Only part of a ReadProcessMemory or WriteProcessMemory request was completed. (0x12B)
[1220/101155.874:ERROR:process_memory_win.cc(73)] ReadMemory at 0x1e46e0902b0 of 132 bytes failed: Only part of a ReadProcessMemory or WriteProcessMemory request was completed. (0x12B)
[1220/101155.874:ERROR:process_memory_win.cc(73)] ReadMemory at 0x1e46e0903e0 of 132 bytes failed: Only part of a ReadProcessMemory or WriteProcessMemory request was completed. (0x12B)
[1220/101155.874:ERROR:process_memory_win.cc(73)] ReadMemory at 0x1e46e090510 of 132 bytes failed: Only part of a ReadProcessMemory or WriteProcessMemory request was completed. (0x12B)
[1220/101155.874:ERROR:process_memory_win.cc(73)] ReadMemory at 0x1e46e090640 of 132 bytes failed: Only part of a ReadProcessMemory or WriteProcessMemory request was completed. (0x12B)
[1220/101155.874:ERROR:process_memory_win.cc(73)] ReadMemory at 0x1e46e090770 of 132 bytes failed: Only part of a ReadProcessMemory or WriteProcessMemory request was completed. (0x12B)
[1220/101155.875:ERROR:process_memory_win.cc(73)] ReadMemory at 0x1e46e0908a0 of 132 bytes failed: Only part of a ReadProcessMemory or WriteProcessMemory request was completed. (0x12B)
[1220/101155.875:ERROR:process_memory_win.cc(73)] ReadMemory at 0x1e46e0909d0 of 132 bytes failed: Only part of a ReadProcessMemory or WriteProcessMemory request was completed. (0x12B)
[1220/101155.875:ERROR:process_memory_win.cc(73)] ReadMemory at 0x1e46e090b00 of 132 bytes failed: Only part of a ReadProcessMemory or WriteProcessMemory request was completed. (0x12B)
[1220/101155.875:ERROR:process_memory_win.cc(73)] ReadMemory at 0x1e46e090c30 of 132 bytes failed: Only part of a ReadProcessMemory or WriteProcessMemory request was completed. (0x12B)
[1220/101155.875:ERROR:process_memory_win.cc(73)] ReadMemory at 0x1e46e090d60 of 132 bytes failed: Only part of a ReadProcessMemory or WriteProcessMemory request was completed. (0x12B)
[1220/101155.876:ERROR:process_memory_win.cc(73)] ReadMemory at 0x1e46e090e90 of 132 bytes failed: Only part of a ReadProcessMemory or WriteProcessMemory request was completed. (0x12B)
[1220/101155.876:ERROR:process_memory_win.cc(73)] ReadMemory at 0x1e46e090fc0 of 132 bytes failed: Only part of a ReadProcessMemory or WriteProcessMemory request was completed. (0x12B)
[1220/101155.876:ERROR:process_memory_win.cc(73)] ReadMemory at 0x1e46e0910f0 of 132 bytes failed: Only part of a ReadProcessMemory or WriteProcessMemory request was completed. (0x12B)
[1220/101155.876:ERROR:process_memory_win.cc(73)] ReadMemory at 0x1e46e091220 of 132 bytes failed: Only part of a ReadProcessMemory or WriteProcessMemory request was completed. (0x12B)
[1220/101155.876:ERROR:process_memory_win.cc(73)] ReadMemory at 0x1e46e091350 of 132 bytes failed: Only part of a ReadProcessMemory or WriteProcessMemory request was completed. (0x12B)
[1220/101155.877:ERROR:process_memory_win.cc(73)] ReadMemory at 0x1e46e091480 of 132 bytes failed: Only part of a ReadProcessMemory or WriteProcessMemory request was completed. (0x12B)
[1220/101155.877:ERROR:process_memory_win.cc(73)] ReadMemory at 0x1e46e0915b0 of 132 bytes failed: Only part of a ReadProcessMemory or WriteProcessMemory request was completed. (0x12B)
[1220/101155.877:ERROR:process_memory_win.cc(73)] ReadMemory at 0x1e46e0916e0 of 132 bytes failed: Only part of a ReadProcessMemory or WriteProcessMemory request was completed. (0x12B)
[1220/101155.877:ERROR:process_memory_win.cc(73)] ReadMemory at 0x1e46e091940 of 132 bytes failed: Only part of a ReadProcessMemory or WriteProcessMemory request was completed. (0x12B)
[1220/101155.877:ERROR:process_memory_win.cc(73)] ReadMemory at 0x1e46e091a70 of 132 bytes failed: Only part of a ReadProcessMemory or WriteProcessMemory request was completed. (0x12B)
[1220/101155.880:ERROR:process_memory_win.cc(73)] ReadMemory at 0x1e46e091ba0 of 132 bytes failed: Only part of a ReadProcessMemory or WriteProcessMemory request was completed. (0x12B)
[1220/101155.880:ERROR:process_memory_win.cc(73)] ReadMemory at 0x1e46e091cd0 of 132 bytes failed: Only part of a ReadProcessMemory or WriteProcessMemory request was completed. (0x12B)
[1220/101155.880:ERROR:process_memory_win.cc(73)] ReadMemory at 0x1e46e098100 of 62 bytes failed: Only part of a ReadProcessMemory or WriteProcessMemory request was completed. (0x12B)
[1220/101155.881:ERROR:process_memory_win.cc(73)] ReadMemory at 0x1e46e098150 of 62 bytes failed: Only part of a ReadProcessMemory or WriteProcessMemory request was completed. (0x12B)
[1220/101155.881:ERROR:process_memory_win.cc(73)] ReadMemory at 0x1e46e0985b0 of 62 bytes failed: Only part of a ReadProcessMemory or WriteProcessMemory request was completed. (0x12B)
[1220/101155.881:ERROR:process_memory_win.cc(73)] ReadMemory at 0x1e46e0986f0 of 64 bytes failed: Only part of a ReadProcessMemory or WriteProcessMemory request was completed. (0x12B)
[1220/101155.881:ERROR:process_memory_win.cc(73)] ReadMemory at 0x1e46e098bf0 of 58 bytes failed: Only part of a ReadProcessMemory or WriteProcessMemory request was completed. (0x12B)
[1220/101155.882:ERROR:process_memory_win.cc(73)] ReadMemory at 0x1e46e0a3080 of 512 bytes failed: Only part of a ReadProcessMemory or WriteProcessMemory request was completed. (0x12B)
[1220/101155.882:ERROR:process_memory_win.cc(73)] ReadMemory at 0x1e46e0a7220 of 64 bytes failed: Only part of a ReadProcessMemory or WriteProcessMemory request was completed. (0x12B)
[1220/101155.882:ERROR:process_memory_win.cc(73)] ReadMemory at 0x1e46e0a74f0 of 66 bytes failed: Only part of a ReadProcessMemory or WriteProcessMemory request was completed. (0x12B)
[1220/101155.882:ERROR:process_memory_win.cc(73)] ReadMemory at 0x1e46e0a7540 of 64 bytes failed: Only part of a ReadProcessMemory or WriteProcessMemory request was completed. (0x12B)
[1220/101155.882:ERROR:process_memory_win.cc(73)] ReadMemory at 0x1e46e0a7770 of 62 bytes failed: Only part of a ReadProcessMemory or WriteProcessMemory request was completed. (0x12B)
[1220/101155.882:ERROR:process_memory_win.cc(73)] ReadMemory at 0x1e46e0a7860 of 60 bytes failed: Only part of a ReadProcessMemory or WriteProcessMemory request was completed. (0x12B)
[1220/101155.883:ERROR:process_memory_win.cc(73)] ReadMemory at 0x1e46e0a7bd0 of 60 bytes failed: Only part of a ReadProcessMemory or WriteProcessMemory request was completed. (0x12B)
[1220/101155.883:ERROR:process_memory_win.cc(73)] ReadMemory at 0x1e46e0a7cc0 of 66 bytes failed: Only part of a ReadProcessMemory or WriteProcessMemory request was completed. (0x12B)
[1220/101155.883:ERROR:process_memory_win.cc(73)] ReadMemory at 0x1e46e0a7e50 of 62 bytes failed: Only part of a ReadProcessMemory or WriteProcessMemory request was completed. (0x12B)
[1220/101155.883:ERROR:process_memory_win.cc(73)] ReadMemory at 0x1e46e0ad1c0 of 512 bytes failed: Only part of a ReadProcessMemory or WriteProcessMemory request was completed. (0x12B)
[1220/101155.883:ERROR:process_memory_win.cc(73)] ReadMemory at 0x1e46e0b50f0 of 512 bytes failed: Only part of a ReadProcessMemory or WriteProcessMemory request was completed. (0x12B)
[1220/101155.884:ERROR:process_memory_win.cc(73)] ReadMemory at 0x1e46e0b9b90 of 132 bytes failed: Only part of a ReadProcessMemory or WriteProcessMemory request was completed. (0x12B)
[1220/101155.884:ERROR:process_memory_win.cc(73)] ReadMemory at 0x1e46e0b9df0 of 132 bytes failed: Only part of a ReadProcessMemory or WriteProcessMemory request was completed. (0x12B)
[1220/101155.884:ERROR:process_memory_win.cc(73)] ReadMemory at 0x1e46e0b9f20 of 132 bytes failed: Only part of a ReadProcessMemory or WriteProcessMemory request was completed. (0x12B)
[1220/101155.884:ERROR:process_memory_win.cc(73)] ReadMemory at 0x1e46e0ba180 of 132 bytes failed: Only part of a ReadProcessMemory or WriteProcessMemory request was completed. (0x12B)
[1220/101155.884:ERROR:process_memory_win.cc(73)] ReadMemory at 0x1e46e0ba2b0 of 132 bytes failed: Only part of a ReadProcessMemory or WriteProcessMemory request was completed. (0x12B)
[1220/101155.885:ERROR:process_memory_win.cc(73)] ReadMemory at 0x1e46e0ba510 of 132 bytes failed: Only part of a ReadProcessMemory or WriteProcessMemory request was completed. (0x12B)
[1220/101155.885:ERROR:process_memory_win.cc(73)] ReadMemory at 0x1e46e0ba640 of 132 bytes failed: Only part of a ReadProcessMemory or WriteProcessMemory request was completed. (0x12B)
[1220/101155.885:ERROR:process_memory_win.cc(73)] ReadMemory at 0x1e46e0ba770 of 132 bytes failed: Only part of a ReadProcessMemory or WriteProcessMemory request was completed. (0x12B)
[1220/101155.885:ERROR:process_memory_win.cc(73)] ReadMemory at 0x1e46e0ced90 of 512 bytes failed: Only part of a ReadProcessMemory or WriteProcessMemory request was completed. (0x12B)
[1220/101155.886:ERROR:process_memory_win.cc(73)] ReadMemory at 0x1e46e0d1fe0 of 60 bytes failed: Only part of a ReadProcessMemory or WriteProcessMemory request was completed. (0x12B)
[1220/101155.886:ERROR:process_memory_win.cc(73)] ReadMemory at 0x1e46e100f50 of 512 bytes failed: Only part of a ReadProcessMemory or WriteProcessMemory request was completed. (0x12B)
[1220/101155.886:ERROR:process_memory_win.cc(73)] ReadMemory at 0x1e46e131b30 of 58 bytes failed: Only part of a ReadProcessMemory or WriteProcessMemory request was completed. (0x12B)
[1220/101155.886:ERROR:process_memory_win.cc(73)] ReadMemory at 0x1e46e39fab0 of 512 bytes failed: Only part of a ReadProcessMemory or WriteProcessMemory request was completed. (0x12B)
[1220/101155.887:ERROR:process_memory_win.cc(73)] ReadMemory at 0x1e46e3a0350 of 512 bytes failed: Only part of a ReadProcessMemory or WriteProcessMemory request was completed. (0x12B)
[1220/101155.887:ERROR:process_memory_win.cc(73)] ReadMemory at 0x1e46e3a3c10 of 592 bytes failed: Only part of a ReadProcessMemory or WriteProcessMemory request was completed. (0x12B)
[1220/101155.887:ERROR:process_memory_win.cc(73)] ReadMemory at 0x1e46e3ac418 of 512 bytes failed: Only part of a ReadProcessMemory or WriteProcessMemory request was completed. (0x12B)
[1220/101155.887:ERROR:process_memory_win.cc(73)] ReadMemory at 0x1e46e3dcf40 of 512 bytes failed: Only part of a ReadProcessMemory or WriteProcessMemory request was completed. (0x12B)
[1220/101155.888:ERROR:process_memory_win.cc(73)] ReadMemory at 0x1e46e416780 of 512 bytes failed: Only part of a ReadProcessMemory or WriteProcessMemory request was completed. (0x12B)
[1220/101155.888:ERROR:process_memory_win.cc(73)] ReadMemory at 0x1e46e41a3c0 of 512 bytes failed: Only part of a ReadProcessMemory or WriteProcessMemory request was completed. (0x12B)
[1220/101155.888:ERROR:process_memory_win.cc(73)] ReadMemory at 0x1e46fd39b60 of 512 bytes failed: Only part of a ReadProcessMemory or WriteProcessMemory request was completed. (0x12B)
[1220/101155.888:ERROR:process_memory_win.cc(73)] ReadMemory at 0x1e46fd3a0a0 of 512 bytes failed: Only part of a ReadProcessMemory or WriteProcessMemory request was completed. (0x12B)
[1220/101155.889:ERROR:process_memory_win.cc(73)] ReadMemory at 0x1e471894cc0 of 512 bytes failed: Only part of a ReadProcessMemory or WriteProcessMemory request was completed. (0x12B)
[1220/101155.889:ERROR:process_memory_win.cc(73)] ReadMemory at 0x1e4718cac10 of 512 bytes failed: Only part of a ReadProcessMemory or WriteProcessMemory request was completed. (0x12B)
[1220/101155.889:ERROR:process_memory_win.cc(73)] ReadMemory at 0x7ffef614e3e0 of 512 bytes failed: Only part of a ReadProcessMemory or WriteProcessMemory request was completed. (0x12B)
[1220/101155.889:ERROR:process_memory_win.cc(73)] ReadMemory at 0x7ffef63fb625 of 512 bytes failed: Only part of a ReadProcessMemory or WriteProcessMemory request was completed. (0x12B)
[1220/101155.889:ERROR:process_memory_win.cc(73)] ReadMemory at 0x7ffef7bd2c65 of 512 bytes failed: Only part of a ReadProcessMemory or WriteProcessMemory request was completed. (0x12B)
[1220/101155.890:ERROR:process_memory_win.cc(73)] ReadMemory at 0x7ffefa80c7db of 512 bytes failed: Only part of a ReadProcessMemory or WriteProcessMemory request was completed. (0x12B)
[1220/101155.890:ERROR:process_memory_win.cc(73)] ReadMemory at 0x7ffefa9c5e68 of 512 bytes failed: Only part of a ReadProcessMemory or WriteProcessMemory request was completed. (0x12B)
[1220/101155.890:ERROR:process_memory_win.cc(73)] ReadMemory at 0x7ffefb1d5448 of 520 bytes failed: Only part of a ReadProcessMemory or WriteProcessMemory request was completed. (0x12B)
[1220/101155.890:ERROR:process_memory_win.cc(73)] ReadMemory at 0x7ffefb2d0310 of 512 bytes failed: Only part of a ReadProcessMemory or WriteProcessMemory request was completed. (0x12B)
[1220/101155.890:ERROR:process_memory_win.cc(73)] ReadMemory at 0x7fff4ccf0000 of 384 bytes failed: Only part of a ReadProcessMemory or WriteProcessMemory request was completed. (0x12B)
[1220/101155.891:ERROR:process_memory_win.cc(73)] ReadMemory at 0x7fff5158f764 of 672 bytes failed: Only part of a ReadProcessMemory or WriteProcessMemory request was completed. (0x12B)
[1220/101155.891:ERROR:process_memory_win.cc(73)] ReadMemory at 0x7fff5158fd64 of 512 bytes failed: Only part of a ReadProcessMemory or WriteProcessMemory request was completed. (0x12B)
[1220/101155.891:ERROR:process_memory_win.cc(73)] ReadMemory at 0x7fff51593054 of 512 bytes failed: Only part of a ReadProcessMemory or WriteProcessMemory request was completed. (0x12B)
[1220/101155.891:ERROR:process_memory_win.cc(73)] ReadMemory at 0x7fff5161c0c8 of 18 bytes failed: Only part of a ReadProcessMemory or WriteProcessMemory request was completed. (0x12B)
[1220/101155.892:ERROR:process_memory_win.cc(73)] ReadMemory at 0x7fff5164f4f8 of 40 bytes failed: Only part of a ReadProcessMemory or WriteProcessMemory request was completed. (0x12B)
[1220/101155.892:ERROR:process_memory_win.cc(73)] ReadMemory at 0x7fff5164f978 of 48 bytes failed: Only part of a ReadProcessMemory or WriteProcessMemory request was completed. (0x12B)
[1220/101155.892:ERROR:process_memory_win.cc(73)] ReadMemory at 0x7fff516553a0 of 64 bytes failed: Only part of a ReadProcessMemory or WriteProcessMemory request was completed. (0x12B)
[1220/101155.896:ERROR:scoped_process_suspend.cc(40)] NtResumeProcess: An attempt was made to access an exiting process. (0xc000010a)
